<?xml version="1.0" encoding="UTF-8"?>
<!-- Generated by org.testng.reporters.JUnitReportReporter -->
<testsuite hostname="LAPTOP-RTVD44ED" name="TestNGEX_Prog.TC1_TestNgEx" tests="1" failures="0" timestamp="2 Jul 2019 12:23:00 GMT" time="4.629" errors="0">
  <testcase name="execut" time="4.629" classname="TestNGEX_Prog.TC1_TestNgEx"/>
</testsuite> <!-- TestNGEX_Prog.TC1_TestNgEx -->
